#
# There is insufficient memory for the Java Runtime Environment to continue.
# Native memory allocation (malloc) failed to allocate 1122896 bytes for Chunk::new
# Possible reasons:
#   The system is out of physical RAM or swap space
#   The process is running with CompressedOops enabled, and the Java Heap may be blocking the growth of the native heap
# Possible solutions:
#   Reduce memory load on the system
#   Increase physical memory or swap space
#   Check if swap backing store is full
#   Decrease Java heap size (-Xmx/-Xms)
#   Decrease number of Java threads
#   Decrease Java thread stack sizes (-Xss)
#   Set larger code cache with -XX:ReservedCodeCacheSize=
#   JVM is running with Zero Based Compressed Oops mode in which the Java heap is
#     placed in the first 32GB address space. The Java Heap base address is the
#     maximum limit for the native heap growth. Please use -XX:HeapBaseMinAddress
#     to set the Java Heap base and to place the Java Heap above 32GB virtual address.
# This output file may be truncated or incomplete.
#
#  Out of Memory Error (arena.cpp:189), pid=21048, tid=10340
#
# JRE version: OpenJDK Runtime Environment (17.0.6) (build 17.0.6+0-b2043.56-10027231)
# Java VM: OpenJDK 64-Bit Server VM (17.0.6+0-b2043.56-10027231, mixed mode, tiered, compressed oops, compressed class ptrs, g1 gc, windows-amd64)
# No core dump will be written. Minidumps are not enabled by default on client versions of Windows
#

---------------  S U M M A R Y ------------

Command Line: org.jetbrains.kotlin.cli.jvm.K2JVMCompiler @D:\Project\fashionMate\fashionMate\app\build\20240103_17640389803880395757.compiler.options

Host: AMD Ryzen 9 6900HS with Radeon Graphics        , 16 cores, 15G,  Windows 11 , 64 bit Build 22621 (10.0.22621.2506)
Time: Wed Jan  3 22:05:39 2024 SE Asia Standard Time elapsed time: 8.069781 seconds (0d 0h 0m 8s)

---------------  T H R E A D  ---------------

Current thread (0x000001bdbc384c00):  JavaThread "C2 CompilerThread2" daemon [_thread_in_native, id=10340, stack(0x0000002f6d400000,0x0000002f6d500000)]


Current CompileTask:
C2:   8069 13638       4       org.jetbrains.kotlin.resolve.calls.tower.AbstractInvokeTowerProcessor::process (351 bytes)

Stack: [0x0000002f6d400000,0x0000002f6d500000]
Native frames: (J=compiled Java code, j=interpreted, Vv=VM code, C=native code)
V  [jvm.dll+0x683c9a]
V  [jvm.dll+0x8427a4]
V  [jvm.dll+0x843f9e]
V  [jvm.dll+0x844603]
V  [jvm.dll+0x249b75]
V  [jvm.dll+0xabcac]
V  [jvm.dll+0xac27c]
V  [jvm.dll+0x368802]
V  [jvm.dll+0x332f31]
V  [jvm.dll+0x3323da]
V  [jvm.dll+0x21c201]
V  [jvm.dll+0x21b621]
V  [jvm.dll+0x1a4fdd]
V  [jvm.dll+0x22b098]
V  [jvm.dll+0x229159]
V  [jvm.dll+0x7f81ec]
V  [jvm.dll+0x7f274a]
V  [jvm.dll+0x682ad5]
C  [ucrtbase.dll+0x29363]
C  [KERNEL32.DLL+0x1257d]
C  [ntdll.dll+0x5aa58]


---------------  P R O C E S S  ---------------

Threads class SMR info:
_java_thread_list=0x000001bdc1d92a40, length=20, elements={
0x000001bd9c157650, 0x000001bdbb877270, 0x000001bdbb877df0, 0x000001bdbb8a28d0,
0x000001bdbb8a5460, 0x000001bdbb8a6d30, 0x000001bdbb8a75f0, 0x000001bdbb8a8290,
0x000001bdbb8a9c50, 0x000001bdbb8aa550, 0x000001bdbba18440, 0x000001bdbba32970,
0x000001bdbba378e0, 0x000001bdbba38570, 0x000001bdbbaceab0, 0x000001bdbbfb3c10,
0x000001bdbc384c00, 0x000001bdbddee6c0, 0x000001bdbdda3510, 0x000001bdc1d91d30
}

Java Threads: ( => current thread )
  0x000001bd9c157650 JavaThread "main" [_thread_in_Java, id=23796, stack(0x0000002f6b900000,0x0000002f6ba00000)]
  0x000001bdbb877270 JavaThread "Reference Handler" daemon [_thread_blocked, id=14860, stack(0x0000002f6c000000,0x0000002f6c100000)]
  0x000001bdbb877df0 JavaThread "Finalizer" daemon [_thread_blocked, id=21588, stack(0x0000002f6c100000,0x0000002f6c200000)]
  0x000001bdbb8a28d0 JavaThread "Signal Dispatcher" daemon [_thread_blocked, id=17756, stack(0x0000002f6c200000,0x0000002f6c300000)]
  0x000001bdbb8a5460 JavaThread "Attach Listener" daemon [_thread_blocked, id=27664, stack(0x0000002f6c300000,0x0000002f6c400000)]
  0x000001bdbb8a6d30 JavaThread "Service Thread" daemon [_thread_blocked, id=16012, stack(0x0000002f6c400000,0x0000002f6c500000)]
  0x000001bdbb8a75f0 JavaThread "Monitor Deflation Thread" daemon [_thread_blocked, id=32288, stack(0x0000002f6c500000,0x0000002f6c600000)]
  0x000001bdbb8a8290 JavaThread "C2 CompilerThread0" daemon [_thread_in_native, id=29804, stack(0x0000002f6c600000,0x0000002f6c700000)]
  0x000001bdbb8a9c50 JavaThread "C1 CompilerThread0" daemon [_thread_blocked, id=26420, stack(0x0000002f6c700000,0x0000002f6c800000)]
  0x000001bdbb8aa550 JavaThread "Sweeper thread" daemon [_thread_blocked, id=3384, stack(0x0000002f6c800000,0x0000002f6c900000)]
  0x000001bdbba18440 JavaThread "C1 CompilerThread1" daemon [_thread_blocked, id=33448, stack(0x0000002f6c900000,0x0000002f6ca00000)]
  0x000001bdbba32970 JavaThread "C1 CompilerThread2" daemon [_thread_blocked, id=32864, stack(0x0000002f6ca00000,0x0000002f6cb00000)]
  0x000001bdbba378e0 JavaThread "Notification Thread" daemon [_thread_blocked, id=4920, stack(0x0000002f6cb00000,0x0000002f6cc00000)]
  0x000001bdbba38570 JavaThread "Common-Cleaner" daemon [_thread_blocked, id=14012, stack(0x0000002f6cd00000,0x0000002f6ce00000)]
  0x000001bdbbaceab0 JavaThread "C2 CompilerThread1" daemon [_thread_in_native, id=19336, stack(0x0000002f6ce00000,0x0000002f6cf00000)]
  0x000001bdbbfb3c10 JavaThread "C1 CompilerThread3" daemon [_thread_blocked, id=28952, stack(0x0000002f6cf00000,0x0000002f6d000000)]
=>0x000001bdbc384c00 JavaThread "C2 CompilerThread2" daemon [_thread_in_native, id=10340, stack(0x0000002f6d400000,0x0000002f6d500000)]
  0x000001bdbddee6c0 JavaThread "C2 CompilerThread3" daemon [_thread_in_native, id=16028, stack(0x0000002f6df00000,0x0000002f6e000000)]
  0x000001bdbdda3510 JavaThread "C2 CompilerThread4" daemon [_thread_in_native, id=29664, stack(0x0000002f6e000000,0x0000002f6e100000)]
  0x000001bdc1d91d30 JavaThread "C2 CompilerThread5" daemon [_thread_in_native, id=5624, stack(0x0000002f6e100000,0x0000002f6e200000)]

Other Threads:
  0x000001bdbafaea00 VMThread "VM Thread" [stack: 0x0000002f6bf00000,0x0000002f6c000000] [id=26016]
  0x000001bd9c1eb230 WatcherThread [stack: 0x0000002f6cc00000,0x0000002f6cd00000] [id=28764]
  0x000001bd9c1c3ce0 GCTaskThread "GC Thread#0" [stack: 0x0000002f6ba00000,0x0000002f6bb00000] [id=27660]
  0x000001bdbc049570 GCTaskThread "GC Thread#1" [stack: 0x0000002f6d000000,0x0000002f6d100000] [id=10864]
  0x000001bdbc0ac020 GCTaskThread "GC Thread#2" [stack: 0x0000002f6d100000,0x0000002f6d200000] [id=29644]
  0x000001bdbc0ac8f0 GCTaskThread "GC Thread#3" [stack: 0x0000002f6d200000,0x0000002f6d300000] [id=28928]
  0x000001bdbc0ad3c0 GCTaskThread "GC Thread#4" [stack: 0x0000002f6d300000,0x0000002f6d400000] [id=29532]
  0x000001bdbd3a1760 GCTaskThread "GC Thread#5" [stack: 0x0000002f6d500000,0x0000002f6d600000] [id=33476]
  0x000001bdbd3a0490 GCTaskThread "GC Thread#6" [stack: 0x0000002f6d600000,0x0000002f6d700000] [id=26080]
  0x000001bdbd3a09f0 GCTaskThread "GC Thread#7" [stack: 0x0000002f6d700000,0x0000002f6d800000] [id=3444]
  0x000001bdbd3a0ca0 GCTaskThread "GC Thread#8" [stack: 0x0000002f6d800000,0x0000002f6d900000] [id=8532]
  0x000001bdbd3a0740 GCTaskThread "GC Thread#9" [stack: 0x0000002f6d900000,0x0000002f6da00000] [id=12652]
  0x000001bdbd3a0f50 GCTaskThread "GC Thread#10" [stack: 0x0000002f6dc00000,0x0000002f6dd00000] [id=5244]
  0x000001bdbd3a1200 GCTaskThread "GC Thread#11" [stack: 0x0000002f6dd00000,0x0000002f6de00000] [id=18696]
  0x000001bdbd3a14b0 GCTaskThread "GC Thread#12" [stack: 0x0000002f6de00000,0x0000002f6df00000] [id=2088]
  0x000001bd9c1d3f70 ConcurrentGCThread "G1 Main Marker" [stack: 0x0000002f6bb00000,0x0000002f6bc00000] [id=32976]
  0x000001bd9c1d5030 ConcurrentGCThread "G1 Conc#0" [stack: 0x0000002f6bc00000,0x0000002f6bd00000] [id=19644]
  0x000001bdbd3a1a10 ConcurrentGCThread "G1 Conc#1" [stack: 0x0000002f6da00000,0x0000002f6db00000] [id=20528]
  0x000001bdbd3a01e0 ConcurrentGCThread "G1 Conc#2" [stack: 0x0000002f6db00000,0x0000002f6dc00000] [id=31964]
  0x000001bd9c21e560 ConcurrentGCThread "G1 Refine#0" [stack: 0x0000002f6bd00000,0x0000002f6be00000] [id=19156]
  0x000001bdbebc0770 ConcurrentGCThread "G1 Refine#1" [stack: 0x0000002f6e200000,0x0000002f6e300000] [id=4248]
  0x000001bdbebc3b30 ConcurrentGCThread "G1 Refine#2" [stack: 0x0000002f6e300000,0x0000002f6e400000] [id=32660]
  0x000001bdbae53180 ConcurrentGCThread "G1 Service" [stack: 0x0000002f6be00000,0x0000002f6bf00000] [id=6748]

Threads with active compile tasks:
C2 CompilerThread0     8082 13716       4       org.jetbrains.kotlin.resolve.calls.smartcasts.DataFlowInfoImpl::getCollectedTypes (198 bytes)
C2 CompilerThread1     8082 13710       4       androidx.compose.compiler.plugins.kotlin.ComposableCallChecker::checkType (472 bytes)
C2 CompilerThread2     8082 13638       4       org.jetbrains.kotlin.resolve.calls.tower.AbstractInvokeTowerProcessor::process (351 bytes)
C2 CompilerThread3     8082 13491       4       org.jetbrains.kotlin.types.TypeWithEnhancementKt::getEnhancementDeeplyInternal (107 bytes)
C2 CompilerThread4     8082 13688       4       org.jetbrains.kotlin.resolve.calls.checkers.ImplicitNothingAsTypeParameterCallChecker::getSubResolvedAtomsToAnalyze (563 bytes)
C2 CompilerThread5     8082 13717       4       org.jetbrains.kotlin.utils.DFS::doDfs (110 bytes)

VM state: not at safepoint (normal execution)

VM Mutex/Monitor currently owned by a thread: None

Heap address: 0x000000070bc00000, size: 3908 MB, Compressed Oops mode: Zero based, Oop shift amount: 3

CDS archive(s) not mapped
Compressed class space mapped at: 0x0000000800000000-0x0000000840000000, reserved size: 1073741824
Narrow klass base: 0x0000000800000000, Narrow klass shift: 0, Narrow klass range: 0x40000000

GC Precious Log:
 CPUs: 16 total, 16 available
 Memory: 15628M
 Large Page Support: Disabled
 NUMA Support: Disabled
 Compressed Oops: Enabled (Zero based)
 Heap Region Size: 2M
 Heap Min Capacity: 8M
 Heap Initial Capacity: 246M
 Heap Max Capacity: 3908M
 Pre-touch: Disabled
 Parallel Workers: 13
 Concurrent Workers: 3
 Concurrent Refinement Workers: 13
 Periodic GC: Disabled

Heap:
 garbage-first heap   total 237568K, used 135040K [0x000000070bc00000, 0x0000000800000000)
  region size 2048K, 16 young (32768K), 4 survivors (8192K)
 Metaspace       used 66187K, committed 66496K, reserved 1114112K
  class space    used 7247K, committed 7424K, reserved 1048576K

Heap Regions: E=young(eden), S=young(survivor), O=old, HS=humongous(starts), HC=humongous(continues), CS=collection set, F=free, OA=open archive, CA=closed archive, TAMS=top-at-mark-start (previous, next)
|   0|0x000000070bc00000, 0x000000070be00000, 0x000000070be00000|100%|HS|  |TAMS 0x000000070be00000, 0x000000070be00000| Complete 
|   1|0x000000070be00000, 0x000000070c000000, 0x000000070c000000|100%|HC|  |TAMS 0x000000070c000000, 0x000000070c000000| Complete 
|   2|0x000000070c000000, 0x000000070c200000, 0x000000070c200000|100%|HS|  |TAMS 0x000000070c200000, 0x000000070c200000| Complete 
|   3|0x000000070c200000, 0x000000070c400000, 0x000000070c400000|100%|HC|  |TAMS 0x000000070c400000, 0x000000070c400000| Complete 
|   4|0x000000070c400000, 0x000000070c600000, 0x000000070c600000|100%| O|  |TAMS 0x000000070c600000, 0x000000070c600000| Untracked 
|   5|0x000000070c600000, 0x000000070c800000, 0x000000070c800000|100%| O|  |TAMS 0x000000070c800000, 0x000000070c800000| Untracked 
|   6|0x000000070c800000, 0x000000070ca00000, 0x000000070ca00000|100%| O|  |TAMS 0x000000070ca00000, 0x000000070ca00000| Untracked 
|   7|0x000000070ca00000, 0x000000070cc00000, 0x000000070cc00000|100%| O|  |TAMS 0x000000070cc00000, 0x000000070cc00000| Untracked 
|   8|0x000000070cc00000, 0x000000070cd36600, 0x000000070ce00000| 60%| O|  |TAMS 0x000000070cd36600, 0x000000070cd36600| Untracked 
|   9|0x000000070ce00000, 0x000000070d000000, 0x000000070d000000|100%| O|  |TAMS 0x000000070d000000, 0x000000070d000000| Untracked 
|  10|0x000000070d000000, 0x000000070d200000, 0x000000070d200000|100%| O|  |TAMS 0x000000070d200000, 0x000000070d200000| Untracked 
|  11|0x000000070d200000, 0x000000070d400000, 0x000000070d400000|100%| O|  |TAMS 0x000000070d400000, 0x000000070d400000| Untracked 
|  12|0x000000070d400000, 0x000000070d600000, 0x000000070d600000|100%| O|  |TAMS 0x000000070d600000, 0x000000070d600000| Untracked 
|  13|0x000000070d600000, 0x000000070d600000, 0x000000070d800000|  0%| F|  |TAMS 0x000000070d600000, 0x000000070d600000| Untracked 
|  14|0x000000070d800000, 0x000000070da00000, 0x000000070da00000|100%| O|  |TAMS 0x000000070da00000, 0x000000070da00000| Untracked 
|  15|0x000000070da00000, 0x000000070dc00000, 0x000000070dc00000|100%| O|  |TAMS 0x000000070dc00000, 0x000000070dc00000| Untracked 
|  16|0x000000070dc00000, 0x000000070de00000, 0x000000070de00000|100%| O|  |TAMS 0x000000070de00000, 0x000000070de00000| Untracked 
|  17|0x000000070de00000, 0x000000070e000000, 0x000000070e000000|100%| O|  |TAMS 0x000000070e000000, 0x000000070e000000| Untracked 
|  18|0x000000070e000000, 0x000000070e200000, 0x000000070e200000|100%|HS|  |TAMS 0x000000070e200000, 0x000000070e200000| Complete 
|  19|0x000000070e200000, 0x000000070e400000, 0x000000070e400000|100%| O|  |TAMS 0x000000070e400000, 0x000000070e400000| Untracked 
|  20|0x000000070e400000, 0x000000070e600000, 0x000000070e600000|100%| O|  |TAMS 0x000000070e600000, 0x000000070e600000| Untracked 
|  21|0x000000070e600000, 0x000000070e800000, 0x000000070e800000|100%| O|  |TAMS 0x000000070e800000, 0x000000070e800000| Untracked 
|  22|0x000000070e800000, 0x000000070ea00000, 0x000000070ea00000|100%| O|  |TAMS 0x000000070ea00000, 0x000000070ea00000| Untracked 
|  23|0x000000070ea00000, 0x000000070ec00000, 0x000000070ec00000|100%| O|  |TAMS 0x000000070ec00000, 0x000000070ec00000| Untracked 
|  24|0x000000070ec00000, 0x000000070ee00000, 0x000000070ee00000|100%| O|  |TAMS 0x000000070ee00000, 0x000000070ee00000| Untracked 
|  25|0x000000070ee00000, 0x000000070f000000, 0x000000070f000000|100%| O|  |TAMS 0x000000070f000000, 0x000000070f000000| Untracked 
|  26|0x000000070f000000, 0x000000070f200000, 0x000000070f200000|100%| O|  |TAMS 0x000000070f200000, 0x000000070f200000| Untracked 
|  27|0x000000070f200000, 0x000000070f400000, 0x000000070f400000|100%| O|  |TAMS 0x000000070f400000, 0x000000070f400000| Untracked 
|  28|0x000000070f400000, 0x000000070f600000, 0x000000070f600000|100%| O|  |TAMS 0x000000070f600000, 0x000000070f600000| Untracked 
|  29|0x000000070f600000, 0x000000070f800000, 0x000000070f800000|100%| O|  |TAMS 0x000000070f800000, 0x000000070f800000| Untracked 
|  30|0x000000070f800000, 0x000000070fa00000, 0x000000070fa00000|100%| O|  |TAMS 0x000000070fa00000, 0x000000070fa00000| Untracked 
|  31|0x000000070fa00000, 0x000000070fc00000, 0x000000070fc00000|100%| O|  |TAMS 0x000000070fc00000, 0x000000070fc00000| Untracked 
|  32|0x000000070fc00000, 0x000000070fe00000, 0x000000070fe00000|100%| O|  |TAMS 0x000000070fe00000, 0x000000070fe00000| Untracked 
|  33|0x000000070fe00000, 0x0000000710000000, 0x0000000710000000|100%| O|  |TAMS 0x0000000710000000, 0x0000000710000000| Untracked 
|  34|0x0000000710000000, 0x0000000710200000, 0x0000000710200000|100%| O|  |TAMS 0x0000000710200000, 0x0000000710200000| Untracked 
|  35|0x0000000710200000, 0x0000000710400000, 0x0000000710400000|100%| O|  |TAMS 0x0000000710400000, 0x0000000710400000| Untracked 
|  36|0x0000000710400000, 0x0000000710600000, 0x0000000710600000|100%| O|  |TAMS 0x0000000710600000, 0x0000000710600000| Untracked 
|  37|0x0000000710600000, 0x0000000710800000, 0x0000000710800000|100%| O|  |TAMS 0x0000000710800000, 0x0000000710800000| Untracked 
|  38|0x0000000710800000, 0x0000000710a00000, 0x0000000710a00000|100%| O|  |TAMS 0x0000000710a00000, 0x0000000710a00000| Untracked 
|  39|0x0000000710a00000, 0x0000000710c00000, 0x0000000710c00000|100%| O|  |TAMS 0x0000000710a4cc00, 0x0000000710c00000| Untracked 
|  40|0x0000000710c00000, 0x0000000710e00000, 0x0000000710e00000|100%| O|  |TAMS 0x0000000710c00000, 0x0000000710e00000| Untracked 
|  41|0x0000000710e00000, 0x0000000711000000, 0x0000000711000000|100%| O|  |TAMS 0x0000000710e00000, 0x0000000711000000| Untracked 
|  42|0x0000000711000000, 0x0000000711200000, 0x0000000711200000|100%| O|  |TAMS 0x0000000711000000, 0x0000000711200000| Untracked 
|  43|0x0000000711200000, 0x0000000711400000, 0x0000000711400000|100%| O|  |TAMS 0x0000000711200000, 0x0000000711400000| Untracked 
|  44|0x0000000711400000, 0x0000000711600000, 0x0000000711600000|100%| O|  |TAMS 0x0000000711400000, 0x0000000711600000| Untracked 
|  45|0x0000000711600000, 0x0000000711800000, 0x0000000711800000|100%| O|  |TAMS 0x0000000711600000, 0x00000007116fda00| Untracked 
|  46|0x0000000711800000, 0x0000000711a00000, 0x0000000711a00000|100%| O|  |TAMS 0x0000000711800000, 0x0000000711800000| Untracked 
|  47|0x0000000711a00000, 0x0000000711c00000, 0x0000000711c00000|100%| O|  |TAMS 0x0000000711a00000, 0x0000000711a00000| Untracked 
|  48|0x0000000711c00000, 0x0000000711e00000, 0x0000000711e00000|100%|HS|  |TAMS 0x0000000711c00000, 0x0000000711c00000| Complete 
|  49|0x0000000711e00000, 0x0000000712000000, 0x0000000712000000|100%| O|  |TAMS 0x0000000711e00000, 0x0000000711e00000| Untracked 
|  50|0x0000000712000000, 0x0000000712200000, 0x0000000712200000|100%| O|  |TAMS 0x0000000712000000, 0x0000000712000000| Untracked 
|  51|0x0000000712200000, 0x0000000712400000, 0x0000000712400000|100%| O|  |TAMS 0x0000000712200000, 0x0000000712200000| Untracked 
|  52|0x0000000712400000, 0x000000071257d200, 0x0000000712600000| 74%| O|  |TAMS 0x0000000712400000, 0x0000000712400000| Untracked 
|  53|0x0000000712600000, 0x0000000712600000, 0x0000000712800000|  0%| F|  |TAMS 0x0000000712600000, 0x0000000712600000| Untracked 
|  54|0x0000000712800000, 0x0000000712800000, 0x0000000712a00000|  0%| F|  |TAMS 0x0000000712800000, 0x0000000712800000| Untracked 
|  55|0x0000000712a00000, 0x0000000712a00000, 0x0000000712c00000|  0%| F|  |TAMS 0x0000000712a00000, 0x0000000712a00000| Untracked 
|  56|0x0000000712c00000, 0x0000000712c00000, 0x0000000712e00000|  0%| F|  |TAMS 0x0000000712c00000, 0x0000000712c00000| Untracked 
|  57|0x0000000712e00000, 0x0000000712e00000, 0x0000000713000000|  0%| F|  |TAMS 0x0000000712e00000, 0x0000000712e00000| Untracked 
|  58|0x0000000713000000, 0x0000000713000000, 0x0000000713200000|  0%| F|  |TAMS 0x0000000713000000, 0x0000000713000000| Untracked 
|  59|0x0000000713200000, 0x0000000713200000, 0x0000000713400000|  0%| F|  |TAMS 0x0000000713200000, 0x0000000713200000| Untracked 
|  60|0x0000000713400000, 0x0000000713400000, 0x0000000713600000|  0%| F|  |TAMS 0x0000000713400000, 0x0000000713400000| Untracked 
|  61|0x0000000713600000, 0x0000000713600000, 0x0000000713800000|  0%| F|  |TAMS 0x0000000713600000, 0x0000000713600000| Untracked 
|  62|0x0000000713800000, 0x0000000713800000, 0x0000000713a00000|  0%| F|  |TAMS 0x0000000713800000, 0x0000000713800000| Untracked 
|  63|0x0000000713a00000, 0x0000000713a00000, 0x0000000713c00000|  0%| F|  |TAMS 0x0000000713a00000, 0x0000000713a00000| Untracked 
|  64|0x0000000713c00000, 0x0000000713c00000, 0x0000000713e00000|  0%| F|  |TAMS 0x0000000713c00000, 0x0000000713c00000| Untracked 
|  65|0x0000000713e00000, 0x0000000713e00000, 0x0000000714000000|  0%| F|  |TAMS 0x0000000713e00000, 0x0000000713e00000| Untracked 
|  66|0x0000000714000000, 0x0000000714000000, 0x0000000714200000|  0%| F|  |TAMS 0x0000000714000000, 0x0000000714000000| Untracked 
|  67|0x0000000714200000, 0x0000000714200000, 0x0000000714400000|  0%| F|  |TAMS 0x0000000714200000, 0x0000000714200000| Untracked 
|  68|0x0000000714400000, 0x0000000714400000, 0x0000000714600000|  0%| F|  |TAMS 0x0000000714400000, 0x0000000714400000| Untracked 
|  69|0x0000000714600000, 0x0000000714600000, 0x0000000714800000|  0%| F|  |TAMS 0x0000000714600000, 0x0000000714600000| Untracked 
|  70|0x0000000714800000, 0x0000000714800000, 0x0000000714a00000|  0%| F|  |TAMS 0x0000000714800000, 0x0000000714800000| Untracked 
|  71|0x0000000714a00000, 0x0000000714a00000, 0x0000000714c00000|  0%| F|  |TAMS 0x0000000714a00000, 0x0000000714a00000| Untracked 
|  72|0x0000000714c00000, 0x0000000714c00000, 0x0000000714e00000|  0%| F|  |TAMS 0x0000000714c00000, 0x0000000714c00000| Untracked 
|  73|0x0000000714e00000, 0x0000000714e00000, 0x0000000715000000|  0%| F|  |TAMS 0x0000000714e00000, 0x0000000714e00000| Untracked 
|  74|0x0000000715000000, 0x0000000715000000, 0x0000000715200000|  0%| F|  |TAMS 0x0000000715000000, 0x0000000715000000| Untracked 
|  75|0x0000000715200000, 0x000000071532cb18, 0x0000000715400000| 58%| S|CS|TAMS 0x0000000715200000, 0x0000000715200000| Complete 
|  76|0x0000000715400000, 0x0000000715600000, 0x0000000715600000|100%| S|CS|TAMS 0x0000000715400000, 0x0000000715400000| Complete 
|  77|0x0000000715600000, 0x0000000715800000, 0x0000000715800000|100%| S|CS|TAMS 0x0000000715600000, 0x0000000715600000| Complete 
|  78|0x0000000715800000, 0x0000000715a00000, 0x0000000715a00000|100%| S|CS|TAMS 0x0000000715800000, 0x0000000715800000| Complete 
|  79|0x0000000715a00000, 0x0000000715a00000, 0x0000000715c00000|  0%| F|  |TAMS 0x0000000715a00000, 0x0000000715a00000| Untracked 
|  80|0x0000000715c00000, 0x0000000715c00000, 0x0000000715e00000|  0%| F|  |TAMS 0x0000000715c00000, 0x0000000715c00000| Untracked 
|  81|0x0000000715e00000, 0x0000000715e00000, 0x0000000716000000|  0%| F|  |TAMS 0x0000000715e00000, 0x0000000715e00000| Untracked 
|  82|0x0000000716000000, 0x0000000716000000, 0x0000000716200000|  0%| F|  |TAMS 0x0000000716000000, 0x0000000716000000| Untracked 
|  83|0x0000000716200000, 0x0000000716200000, 0x0000000716400000|  0%| F|  |TAMS 0x0000000716200000, 0x0000000716200000| Untracked 
|  84|0x0000000716400000, 0x0000000716400000, 0x0000000716600000|  0%| F|  |TAMS 0x0000000716400000, 0x0000000716400000| Untracked 
|  85|0x0000000716600000, 0x0000000716600000, 0x0000000716800000|  0%| F|  |TAMS 0x0000000716600000, 0x0000000716600000| Untracked 
|  86|0x0000000716800000, 0x0000000716800000, 0x0000000716a00000|  0%| F|  |TAMS 0x0000000716800000, 0x0000000716800000| Untracked 
|  87|0x0000000716a00000, 0x0000000716a00000, 0x0000000716c00000|  0%| F|  |TAMS 0x0000000716a00000, 0x0000000716a00000| Untracked 
|  88|0x0000000716c00000, 0x0000000716c00000, 0x0000000716e00000|  0%| F|  |TAMS 0x0000000716c00000, 0x0000000716c00000| Untracked 
|  89|0x0000000716e00000, 0x0000000716e00000, 0x0000000717000000|  0%| F|  |TAMS 0x0000000716e00000, 0x0000000716e00000| Untracked 
|  90|0x0000000717000000, 0x0000000717000000, 0x0000000717200000|  0%| F|  |TAMS 0x0000000717000000, 0x0000000717000000| Untracked 
|  91|0x0000000717200000, 0x0000000717200000, 0x0000000717400000|  0%| F|  |TAMS 0x0000000717200000, 0x0000000717200000| Untracked 
|  92|0x0000000717400000, 0x0000000717400000, 0x0000000717600000|  0%| F|  |TAMS 0x0000000717400000, 0x0000000717400000| Untracked 
|  93|0x0000000717600000, 0x0000000717600000, 0x0000000717800000|  0%| F|  |TAMS 0x0000000717600000, 0x0000000717600000| Untracked 
|  94|0x0000000717800000, 0x0000000717800000, 0x0000000717a00000|  0%| F|  |TAMS 0x0000000717800000, 0x0000000717800000| Untracked 
|  95|0x0000000717a00000, 0x0000000717a00000, 0x0000000717c00000|  0%| F|  |TAMS 0x0000000717a00000, 0x0000000717a00000| Untracked 
|  96|0x0000000717c00000, 0x0000000717c00000, 0x0000000717e00000|  0%| F|  |TAMS 0x0000000717c00000, 0x0000000717c00000| Untracked 
|  97|0x0000000717e00000, 0x0000000717e00000, 0x0000000718000000|  0%| F|  |TAMS 0x0000000717e00000, 0x0000000717e00000| Untracked 
|  98|0x0000000718000000, 0x0000000718000000, 0x0000000718200000|  0%| F|  |TAMS 0x0000000718000000, 0x0000000718000000| Untracked 
|  99|0x0000000718200000, 0x0000000718200000, 0x0000000718400000|  0%| F|  |TAMS 0x0000000718200000, 0x0000000718200000| Untracked 
| 100|0x0000000718400000, 0x0000000718400000, 0x0000000718600000|  0%| F|  |TAMS 0x0000000718400000, 0x0000000718400000| Untracked 
| 101|0x0000000718600000, 0x0000000718600000, 0x0000000718800000|  0%| F|  |TAMS 0x0000000718600000, 0x0000000718600000| Untracked 
| 102|0x0000000718800000, 0x0000000718800000, 0x0000000718a00000|  0%| F|  |TAMS 0x0000000718800000, 0x0000000718800000| Untracked 
| 103|0x0000000718a00000, 0x0000000718a00000, 0x0000000718c00000|  0%| F|  |TAMS 0x0000000718a00000, 0x0000000718a00000| Untracked 
| 104|0x0000000718c00000, 0x0000000718e00000, 0x0000000718e00000|100%| E|  |TAMS 0x0000000718c00000, 0x0000000718c00000| Complete 
| 105|0x0000000718e00000, 0x0000000719000000, 0x0000000719000000|100%| E|CS|TAMS 0x0000000718e00000, 0x0000000718e00000| Complete 
| 106|0x0000000719000000, 0x0000000719200000, 0x0000000719200000|100%| E|CS|TAMS 0x0000000719000000, 0x0000000719000000| Complete 
| 107|0x0000000719200000, 0x0000000719400000, 0x0000000719400000|100%| E|CS|TAMS 0x0000000719200000, 0x0000000719200000| Complete 
| 108|0x0000000719400000, 0x0000000719600000, 0x0000000719600000|100%| E|CS|TAMS 0x0000000719400000, 0x0000000719400000| Complete 
| 109|0x0000000719600000, 0x0000000719800000, 0x0000000719800000|100%| E|CS|TAMS 0x0000000719600000, 0x0000000719600000| Complete 
| 110|0x0000000719800000, 0x0000000719a00000, 0x0000000719a00000|100%| E|CS|TAMS 0x0000000719800000, 0x0000000719800000| Complete 
| 111|0x0000000719a00000, 0x0000000719c00000, 0x0000000719c00000|100%| E|CS|TAMS 0x0000000719a00000, 0x0000000719a00000| Complete 
| 112|0x0000000719c00000, 0x0000000719e00000, 0x0000000719e00000|100%| E|CS|TAMS 0x0000000719c00000, 0x0000000719c00000| Complete 
| 113|0x0000000719e00000, 0x000000071a000000, 0x000000071a000000|100%| E|CS|TAMS 0x0000000719e00000, 0x0000000719e00000| Complete 
| 116|0x000000071a400000, 0x000000071a600000, 0x000000071a600000|100%| E|CS|TAMS 0x000000071a400000, 0x000000071a400000| Complete 
| 122|0x000000071b000000, 0x000000071b200000, 0x000000071b200000|100%| E|CS|TAMS 0x000000071b000000, 0x000000071b000000| Complete 

Card table byte_map: [0x000001bdaf660000,0x000001bdafe10000] _byte_map_base: 0x000001bdabe02000

Marking Bits (Prev, Next): (CMBitMap*) 0x000001bd9c1c4240, (CMBitMap*) 0x000001bd9c1c4200
 Prev Bits: [0x000001bdb42d0000, 0x000001bdb7fe0000)
 Next Bits: [0x000001bdb05c0000, 0x000001bdb42d0000)

Polling page: 0x000001bd9a0e0000

Metaspace:

Usage:
  Non-class:     57.56 MB used.
      Class:      7.08 MB used.
       Both:     64.64 MB used.

Virtual space:
  Non-class space:       64.00 MB reserved,      57.69 MB ( 90%) committed,  8 nodes.
      Class space:        1.00 GB reserved,       7.25 MB ( <1%) committed,  1 nodes.
             Both:        1.06 GB reserved,      64.94 MB (  6%) committed. 

Chunk freelists:
   Non-Class:  2.31 MB
       Class:  753.00 KB
        Both:  3.05 MB

MaxMetaspaceSize: unlimited
CompressedClassSpaceSize: 1.00 GB
Initial GC threshold: 21.00 MB
Current GC threshold: 101.88 MB
CDS: off
MetaspaceReclaimPolicy: balanced
 - commit_granule_bytes: 65536.
 - commit_granule_words: 8192.
 - virtual_space_node_default_size: 1048576.
 - enlarge_chunks_in_place: 1.
 - new_chunks_are_fully_committed: 0.
 - uncommit_free_chunks: 1.
 - use_allocation_guard: 0.
 - handle_deallocations: 1.


Internal statistics:

num_allocs_failed_limit: 6.
num_arena_births: 332.
num_arena_deaths: 0.
num_vsnodes_births: 9.
num_vsnodes_deaths: 0.
num_space_committed: 1037.
num_space_uncommitted: 0.
num_chunks_returned_to_freelist: 6.
num_chunks_taken_from_freelist: 2468.
num_chunk_merges: 6.
num_chunk_splits: 1898.
num_chunks_enlarged: 1606.
num_purges: 0.
num_inconsistent_stats: 0.

CodeHeap 'non-profiled nmethods': size=119168Kb used=8929Kb max_used=8929Kb free=110238Kb
 bounds [0x000001bda71c0000, 0x000001bda7a80000, 0x000001bdae620000]
CodeHeap 'profiled nmethods': size=119104Kb used=33887Kb max_used=33887Kb free=85216Kb
 bounds [0x000001bd9f620000, 0x000001bda1740000, 0x000001bda6a70000]
CodeHeap 'non-nmethods': size=7488Kb used=3005Kb max_used=3153Kb free=4482Kb
 bounds [0x000001bda6a70000, 0x000001bda6d90000, 0x000001bda71c0000]
 total_blobs=11972 nmethods=11342 adapters=536
 compilation: enabled
              stopped_count=0, restarted_count=0
 full_count=0

Compilation events (20 events):
Event: 8.024 Thread 0x000001bdc1d91d30 13704       4       javaslang.collection.Traversable$1::hasNext (18 bytes)
Event: 8.025 Thread 0x000001bdc1d91d30 nmethod 13704 0x000001bda7a65290 code [0x000001bda7a65400, 0x000001bda7a654b8]
Event: 8.026 Thread 0x000001bdbbaceab0 13705       4       org.jetbrains.kotlin.resolve.calls.util.FakeCallableDescriptorForObject::getContainingDeclaration (19 bytes)
Event: 8.026 Thread 0x000001bdbba32970 13706       3       org.jetbrains.kotlin.resolve.constants.evaluate.ConstantExpressionEvaluatorVisitor::createCompileTimeConstant (96 bytes)
Event: 8.027 Thread 0x000001bdbba32970 nmethod 13706 0x000001bda1738310 code [0x000001bda17385a0, 0x000001bda17394a8]
Event: 8.029 Thread 0x000001bdc1d91d30 13707       4       org.jetbrains.kotlin.com.intellij.util.SmartList::iterator (26 bytes)
Event: 8.030 Thread 0x000001bdc1d91d30 nmethod 13707 0x000001bda7a65590 code [0x000001bda7a65720, 0x000001bda7a65838]
Event: 8.033 Thread 0x000001bdbb8a8290 nmethod 13551 0x000001bda7a65910 code [0x000001bda7a66140, 0x000001bda7a6ded0]
Event: 8.035 Thread 0x000001bdbb8a8290 13708       4       org.jetbrains.kotlin.resolve.checkers.OptInUsageChecker$Companion::loadOptInForMarkerAnnotation$frontend (225 bytes)
Event: 8.037 Thread 0x000001bdbbaceab0 nmethod 13705 0x000001bda7a73110 code [0x000001bda7a73340, 0x000001bda7a73f88]
Event: 8.045 Thread 0x000001bdbb8a8290 nmethod 13708 0x000001bda7a74810 code [0x000001bda7a74a40, 0x000001bda7a75400]
Event: 8.049 Thread 0x000001bdbba32970 13709       3       org.jetbrains.kotlin.psi.KtFile::getAnnotationEntries (25 bytes)
Event: 8.049 Thread 0x000001bdbba32970 nmethod 13709 0x000001bda1739790 code [0x000001bda17399a0, 0x000001bda1739eb8]
Event: 8.052 Thread 0x000001bdbbaceab0 13710       4       androidx.compose.compiler.plugins.kotlin.ComposableCallChecker::checkType (472 bytes)
Event: 8.055 Thread 0x000001bdbb8a8290 13711       4       kotlin.collections.CollectionsKt__CollectionsKt::optimizeReadOnlyList (57 bytes)
Event: 8.057 Thread 0x000001bdbb8a8290 nmethod 13711 0x000001bda7a75c10 code [0x000001bda7a75da0, 0x000001bda7a75ef8]
Event: 8.058 Thread 0x000001bdbb8a8290 13712       4       org.jetbrains.kotlin.resolve.scopes.LexicalScope$Base::definitelyDoesNotContainName (8 bytes)
Event: 8.058 Thread 0x000001bdbb8a8290 nmethod 13712 0x000001bda7a76110 code [0x000001bda7a76280, 0x000001bda7a76318]
Event: 8.066 Thread 0x000001bdbba32970 13713       3       org.jetbrains.kotlin.resolve.inline.InlineUtil::isInlineParameterExceptNullability (50 bytes)
Event: 8.066 Thread 0x000001bdbba32970 nmethod 13713 0x000001bda173a090 code [0x000001bda173a280, 0x000001bda173a978]

GC Heap History (20 events):
Event: 3.470 GC heap before
{Heap before GC invocations=18 (full 0):
 garbage-first heap   total 112640K, used 89284K [0x000000070bc00000, 0x0000000800000000)
  region size 2048K, 14 young (28672K), 1 survivors (2048K)
 Metaspace       used 57607K, committed 57920K, reserved 1105920K
  class space    used 6616K, committed 6784K, reserved 1048576K
}
Event: 3.474 GC heap after
{Heap after GC invocations=19 (full 0):
 garbage-first heap   total 151552K, used 64616K [0x000000070bc00000, 0x0000000800000000)
  region size 2048K, 2 young (4096K), 2 survivors (4096K)
 Metaspace       used 57607K, committed 57920K, reserved 1105920K
  class space    used 6616K, committed 6784K, reserved 1048576K
}
Event: 3.563 GC heap before
{Heap before GC invocations=20 (full 0):
 garbage-first heap   total 151552K, used 117864K [0x000000070bc00000, 0x0000000800000000)
  region size 2048K, 28 young (57344K), 2 survivors (4096K)
 Metaspace       used 57630K, committed 57984K, reserved 1105920K
  class space    used 6616K, committed 6784K, reserved 1048576K
}
Event: 3.569 GC heap after
{Heap after GC invocations=21 (full 0):
 garbage-first heap   total 151552K, used 70085K [0x000000070bc00000, 0x0000000800000000)
  region size 2048K, 4 young (8192K), 4 survivors (8192K)
 Metaspace       used 57630K, committed 57984K, reserved 1105920K
  class space    used 6616K, committed 6784K, reserved 1048576K
}
Event: 3.709 GC heap before
{Heap before GC invocations=21 (full 0):
 garbage-first heap   total 151552K, used 117189K [0x000000070bc00000, 0x0000000800000000)
  region size 2048K, 27 young (55296K), 4 survivors (8192K)
 Metaspace       used 57640K, committed 57984K, reserved 1105920K
  class space    used 6617K, committed 6784K, reserved 1048576K
}
Event: 3.716 GC heap after
{Heap after GC invocations=22 (full 0):
 garbage-first heap   total 151552K, used 74731K [0x000000070bc00000, 0x0000000800000000)
  region size 2048K, 3 young (6144K), 3 survivors (6144K)
 Metaspace       used 57640K, committed 57984K, reserved 1105920K
  class space    used 6617K, committed 6784K, reserved 1048576K
}
Event: 3.767 GC heap before
{Heap before GC invocations=22 (full 0):
 garbage-first heap   total 151552K, used 117739K [0x000000070bc00000, 0x0000000800000000)
  region size 2048K, 24 young (49152K), 3 survivors (6144K)
 Metaspace       used 57640K, committed 57984K, reserved 1105920K
  class space    used 6617K, committed 6784K, reserved 1048576K
}
Event: 3.772 GC heap after
{Heap after GC invocations=23 (full 0):
 garbage-first heap   total 151552K, used 79366K [0x000000070bc00000, 0x0000000800000000)
  region size 2048K, 3 young (6144K), 3 survivors (6144K)
 Metaspace       used 57640K, committed 57984K, reserved 1105920K
  class space    used 6617K, committed 6784K, reserved 1048576K
}
Event: 4.169 GC heap before
{Heap before GC invocations=24 (full 0):
 garbage-first heap   total 167936K, used 118278K [0x000000070bc00000, 0x0000000800000000)
  region size 2048K, 22 young (45056K), 3 survivors (6144K)
 Metaspace       used 59463K, committed 59712K, reserved 1105920K
  class space    used 6765K, committed 6912K, reserved 1048576K
}
Event: 4.176 GC heap after
{Heap after GC invocations=25 (full 0):
 garbage-first heap   total 167936K, used 85317K [0x000000070bc00000, 0x0000000800000000)
  region size 2048K, 3 young (6144K), 3 survivors (6144K)
 Metaspace       used 59463K, committed 59712K, reserved 1105920K
  class space    used 6765K, committed 6912K, reserved 1048576K
}
Event: 4.762 GC heap before
{Heap before GC invocations=25 (full 0):
 garbage-first heap   total 167936K, used 132421K [0x000000070bc00000, 0x0000000800000000)
  region size 2048K, 26 young (53248K), 3 survivors (6144K)
 Metaspace       used 62161K, committed 62464K, reserved 1105920K
  class space    used 6980K, committed 7104K, reserved 1048576K
}
Event: 4.772 GC heap after
{Heap after GC invocations=26 (full 0):
 garbage-first heap   total 167936K, used 92373K [0x000000070bc00000, 0x0000000800000000)
  region size 2048K, 4 young (8192K), 4 survivors (8192K)
 Metaspace       used 62161K, committed 62464K, reserved 1105920K
  class space    used 6980K, committed 7104K, reserved 1048576K
}
Event: 5.471 GC heap before
{Heap before GC invocations=27 (full 0):
 garbage-first heap   total 167936K, used 133333K [0x000000070bc00000, 0x0000000800000000)
  region size 2048K, 24 young (49152K), 4 survivors (8192K)
 Metaspace       used 63183K, committed 63488K, reserved 1105920K
  class space    used 7016K, committed 7168K, reserved 1048576K
}
Event: 5.479 GC heap after
{Heap after GC invocations=28 (full 0):
 garbage-first heap   total 167936K, used 97690K [0x000000070bc00000, 0x0000000800000000)
  region size 2048K, 3 young (6144K), 3 survivors (6144K)
 Metaspace       used 63183K, committed 63488K, reserved 1105920K
  class space    used 7016K, committed 7168K, reserved 1048576K
}
Event: 5.561 GC heap before
{Heap before GC invocations=28 (full 0):
 garbage-first heap   total 167936K, used 101786K [0x000000070bc00000, 0x0000000800000000)
  region size 2048K, 6 young (12288K), 3 survivors (6144K)
 Metaspace       used 63334K, committed 63616K, reserved 1105920K
  class space    used 7022K, committed 7168K, reserved 1048576K
}
Event: 5.565 GC heap after
{Heap after GC invocations=29 (full 0):
 garbage-first heap   total 237568K, used 98477K [0x000000070bc00000, 0x0000000800000000)
  region size 2048K, 1 young (2048K), 1 survivors (2048K)
 Metaspace       used 63334K, committed 63616K, reserved 1105920K
  class space    used 7022K, committed 7168K, reserved 1048576K
}
Event: 6.806 GC heap before
{Heap before GC invocations=29 (full 0):
 garbage-first heap   total 237568K, used 182445K [0x000000070bc00000, 0x0000000800000000)
  region size 2048K, 41 young (83968K), 1 survivors (2048K)
 Metaspace       used 65435K, committed 65728K, reserved 1114112K
  class space    used 7217K, committed 7360K, reserved 1048576K
}
Event: 6.811 GC heap after
{Heap after GC invocations=30 (full 0):
 garbage-first heap   total 237568K, used 108163K [0x000000070bc00000, 0x0000000800000000)
  region size 2048K, 5 young (10240K), 5 survivors (10240K)
 Metaspace       used 65435K, committed 65728K, reserved 1114112K
  class space    used 7217K, committed 7360K, reserved 1048576K
}
Event: 7.688 GC heap before
{Heap before GC invocations=30 (full 0):
 garbage-first heap   total 237568K, used 183939K [0x000000070bc00000, 0x0000000800000000)
  region size 2048K, 42 young (86016K), 5 survivors (10240K)
 Metaspace       used 66086K, committed 66432K, reserved 1114112K
  class space    used 7246K, committed 7424K, reserved 1048576K
}
Event: 7.695 GC heap after
{Heap after GC invocations=31 (full 0):
 garbage-first heap   total 237568K, used 112512K [0x000000070bc00000, 0x0000000800000000)
  region size 2048K, 4 young (8192K), 4 survivors (8192K)
 Metaspace       used 66086K, committed 66432K, reserved 1114112K
  class space    used 7246K, committed 7424K, reserved 1048576K
}

Dll operation events (2 events):
Event: 0.004 Loaded shared library C:\Program Files\Android\Android Studio\jbr\bin\java.dll
Event: 0.571 Loaded shared library C:\Program Files\Android\Android Studio\jbr\bin\verify.dll

Deoptimization events (20 events):
Event: 7.318 Thread 0x000001bd9c157650 DEOPT PACKING pc=0x000001bda032f74a sp=0x0000002f6b9faf70
Event: 7.318 Thread 0x000001bd9c157650 DEOPT UNPACKING pc=0x000001bda6ac7143 sp=0x0000002f6b9fa480 mode 0
Event: 7.325 Thread 0x000001bd9c157650 DEOPT PACKING pc=0x000001bda0332885 sp=0x0000002f6b9f83d0
Event: 7.325 Thread 0x000001bd9c157650 DEOPT UNPACKING pc=0x000001bda6ac7143 sp=0x0000002f6b9f7920 mode 0
Event: 7.476 Thread 0x000001bd9c157650 DEOPT PACKING pc=0x000001bda032b682 sp=0x0000002f6b9fb680
Event: 7.476 Thread 0x000001bd9c157650 DEOPT UNPACKING pc=0x000001bda6ac7143 sp=0x0000002f6b9fab38 mode 0
Event: 7.485 Thread 0x000001bd9c157650 Uncommon trap: trap_request=0xffffff45 fr.pc=0x000001bda7833c60 relative=0x0000000000003800
Event: 7.485 Thread 0x000001bd9c157650 Uncommon trap: reason=unstable_if action=reinterpret pc=0x000001bda7833c60 method=org.jetbrains.kotlin.resolve.calls.tower.ImplicitScopeTowerKt.getResultApplicabilityForConstraintErrors(Ljava/util/Collection;)Lorg/jetbrains/kotlin/resolve/calls/tower/Cand
Event: 7.485 Thread 0x000001bd9c157650 DEOPT PACKING pc=0x000001bda7833c60 sp=0x0000002f6b9f4390
Event: 7.485 Thread 0x000001bd9c157650 DEOPT UNPACKING pc=0x000001bda6ac69a3 sp=0x0000002f6b9f4148 mode 2
Event: 7.766 Thread 0x000001bd9c157650 DEOPT PACKING pc=0x000001bda032cc12 sp=0x0000002f6b9f5650
Event: 7.766 Thread 0x000001bd9c157650 DEOPT UNPACKING pc=0x000001bda6ac7143 sp=0x0000002f6b9f4b50 mode 0
Event: 7.916 Thread 0x000001bd9c157650 Uncommon trap: trap_request=0xffffff45 fr.pc=0x000001bda76e8190 relative=0x00000000000004d0
Event: 7.916 Thread 0x000001bd9c157650 Uncommon trap: reason=unstable_if action=reinterpret pc=0x000001bda76e8190 method=java.lang.AbstractStringBuilder.putStringAt(ILjava/lang/String;II)V @ 8 c2
Event: 7.916 Thread 0x000001bd9c157650 DEOPT PACKING pc=0x000001bda76e8190 sp=0x0000002f6b9f5570
Event: 7.916 Thread 0x000001bd9c157650 DEOPT UNPACKING pc=0x000001bda6ac69a3 sp=0x0000002f6b9f5408 mode 2
Event: 7.916 Thread 0x000001bd9c157650 Uncommon trap: trap_request=0xffffff45 fr.pc=0x000001bda71f6e74 relative=0x00000000000003d4
Event: 7.916 Thread 0x000001bd9c157650 Uncommon trap: reason=unstable_if action=reinterpret pc=0x000001bda71f6e74 method=java.lang.AbstractStringBuilder.isLatin1()Z @ 10 c2
Event: 7.916 Thread 0x000001bd9c157650 DEOPT PACKING pc=0x000001bda71f6e74 sp=0x0000002f6b9f5590
Event: 7.916 Thread 0x000001bd9c157650 DEOPT UNPACKING pc=0x000001bda6ac69a3 sp=0x0000002f6b9f5510 mode 2

Classes unloaded (0 events):
No events

Classes redefined (0 events):
No events

Internal exceptions (20 events):
Event: 3.157 Thread 0x000001bd9c157650 Implicit null exception at 0x000001bda720b58f to 0x000001bda720b7f0
Event: 3.157 Thread 0x000001bd9c157650 Implicit null exception at 0x000001bda732a50f to 0x000001bda732a589
Event: 3.223 Thread 0x000001bd9c157650 Implicit null exception at 0x000001bda74fd83c to 0x000001bda74fe138
Event: 3.864 Thread 0x000001bd9c157650 Implicit null exception at 0x000001bda750f9be to 0x000001bda750fd84
Event: 3.868 Thread 0x000001bd9c157650 Implicit null exception at 0x000001bda750dd6d to 0x000001bda750df94
Event: 3.894 Thread 0x000001bd9c157650 Implicit null exception at 0x000001bda7510bf9 to 0x000001bda7510f85
Event: 3.981 Thread 0x000001bd9c157650 Exception <a 'java/lang/NoSuchMethodError'{0x00000007154fa3d8}: 'int java.lang.invoke.DirectMethodHandle$Holder.invokeStaticInit(java.lang.Object, int)'> (0x00000007154fa3d8) 
thrown [s\src\hotspot\share\interpreter\linkResolver.cpp, line 771]
Event: 4.301 Thread 0x000001bd9c157650 Implicit null exception at 0x000001bda72cb120 to 0x000001bda72cb29c
Event: 4.301 Thread 0x000001bd9c157650 Implicit null exception at 0x000001bda72278d8 to 0x000001bda722796e
Event: 4.385 Thread 0x000001bd9c157650 Implicit null exception at 0x000001bda71db3f2 to 0x000001bda71db9d0
Event: 4.391 Thread 0x000001bd9c157650 Exception <a 'java/lang/NoSuchMethodError'{0x0000000715228a20}: 'java.lang.Object java.lang.invoke.DirectMethodHandle$Holder.invokeInterface(java.lang.Object, java.lang.Object, java.lang.Object)'> (0x0000000715228a20) 
thrown [s\src\hotspot\share\interpreter\linkResolver.cpp, line 771]
Event: 4.392 Thread 0x000001bd9c157650 Exception <a 'java/lang/IncompatibleClassChangeError'{0x000000071522c638}: Found class java.lang.Object, but interface was expected> (0x000000071522c638) 
thrown [s\src\hotspot\share\interpreter\linkResolver.cpp, line 838]
Event: 4.396 Thread 0x000001bd9c157650 Implicit null exception at 0x000001bda71dc372 to 0x000001bda71dc964
Event: 4.589 Thread 0x000001bd9c157650 Exception <a 'java/lang/NoSuchMethodError'{0x0000000713a469f8}: 'java.lang.Object java.lang.invoke.DirectMethodHandle$Holder.newInvokeSpecial(java.lang.Object, java.lang.Object, java.lang.Object, java.lang.Object, java.lang.Object, java.lang.Object, java.lang.Object)'> (0x0000000713a469f8) 
thrown [s\src\hotspot\share\interpreter\linkResolver.cpp, line 771]
Event: 4.590 Thread 0x000001bd9c157650 Exception <a 'java/lang/NoSuchMethodError'{0x0000000713a4b858}: 'java.lang.Object java.lang.invoke.Invokers$Holder.linkToTargetMethod(java.lang.Object, java.lang.Object, java.lang.Object, java.lang.Object, java.lang.Object, java.lang.Object, java.lang.Object)'> (0x0000000713a4b858) 
thrown [s\src\hotspot\share\interpreter\linkResolver.cpp, line 771]
Event: 4.909 Thread 0x000001bd9c157650 Implicit null exception at 0x000001bda75467af to 0x000001bda7546864
Event: 5.372 Thread 0x000001bd9c157650 Implicit null exception at 0x000001bda7686e3d to 0x000001bda768777c
Event: 5.488 Thread 0x000001bd9c157650 Exception <a 'java/lang/NoSuchMethodError'{0x000000071b0842b0}: 'java.lang.Object java.lang.invoke.DirectMethodHandle$Holder.invokeStatic(java.lang.Object, int, java.lang.Object)'> (0x000000071b0842b0) 
thrown [s\src\hotspot\share\interpreter\linkResolver.cpp, line 771]
Event: 6.066 Thread 0x000001bd9c157650 Implicit null exception at 0x000001bda7768e28 to 0x000001bda776901d
Event: 6.960 Thread 0x000001bd9c157650 Exception <a 'java/lang/NoSuchMethodError'{0x0000000719292be0}: 'java.lang.Object java.lang.invoke.DirectMethodHandle$Holder.newInvokeSpecial(java.lang.Object, int, java.lang.Object, java.lang.Object)'> (0x0000000719292be0) 
thrown [s\src\hotspot\share\interpreter\linkResolver.cpp, line 771]

VM Operations (20 events):
Event: 7.104 Executing VM operation: ICBufferFull
Event: 7.104 Executing VM operation: ICBufferFull done
Event: 7.126 Executing VM operation: HandshakeAllThreads
Event: 7.127 Executing VM operation: HandshakeAllThreads done
Event: 7.128 Executing VM operation: HandshakeAllThreads
Event: 7.128 Executing VM operation: HandshakeAllThreads done
Event: 7.166 Executing VM operation: HandshakeAllThreads
Event: 7.166 Executing VM operation: HandshakeAllThreads done
Event: 7.221 Executing VM operation: ICBufferFull
Event: 7.221 Executing VM operation: ICBufferFull done
Event: 7.337 Executing VM operation: HandshakeAllThreads
Event: 7.337 Executing VM operation: HandshakeAllThreads done
Event: 7.361 Executing VM operation: ICBufferFull
Event: 7.361 Executing VM operation: ICBufferFull done
Event: 7.559 Executing VM operation: ICBufferFull
Event: 7.559 Executing VM operation: ICBufferFull done
Event: 7.688 Executing VM operation: G1CollectForAllocation
Event: 7.695 Executing VM operation: G1CollectForAllocation done
Event: 7.969 Executing VM operation: ICBufferFull
Event: 7.969 Executing VM operation: ICBufferFull done

Events (20 events):
Event: 6.972 Thread 0x000001bdbb8aa550 flushing nmethod 0x000001bda0c80b10
Event: 6.973 Thread 0x000001bdbb8aa550 flushing nmethod 0x000001bda0d79f90
Event: 6.973 Thread 0x000001bdbb8aa550 flushing nmethod 0x000001bda0e47e10
Event: 6.975 Thread 0x000001bdbb8aa550 flushing nmethod 0x000001bda10ae190
Event: 6.977 Thread 0x000001bdbb8aa550 flushing nmethod 0x000001bda139ee10
Event: 6.977 Thread 0x000001bdbb8aa550 flushing nmethod 0x000001bda13f8b90
Event: 6.978 Thread 0x000001bdbb8aa550 flushing nmethod 0x000001bda14c9c90
Event: 7.339 Thread 0x000001bdbb8aa550 flushing nmethod 0x000001bda7551010
Event: 7.340 Thread 0x000001bdbb8aa550 flushing nmethod 0x000001bda78c9910
Event: 7.342 Thread 0x000001bdbb8aa550 flushing nmethod 0x000001bd9f87f710
Event: 7.342 Thread 0x000001bdbb8aa550 flushing nmethod 0x000001bd9f9bcd90
Event: 7.344 Thread 0x000001bdbb8aa550 flushing nmethod 0x000001bd9fc3ca10
Event: 7.347 Thread 0x000001bdbb8aa550 flushing nmethod 0x000001bda02c0890
Event: 7.347 Thread 0x000001bdbb8aa550 flushing nmethod 0x000001bda02df990
Event: 7.348 Thread 0x000001bdbb8aa550 flushing nmethod 0x000001bda0578f90
Event: 7.349 Thread 0x000001bdbb8aa550 flushing nmethod 0x000001bda073fc10
Event: 7.349 Thread 0x000001bdbb8aa550 flushing nmethod 0x000001bda08e4c10
Event: 7.350 Thread 0x000001bdbb8aa550 flushing nmethod 0x000001bda0a59290
Event: 7.350 Thread 0x000001bdbb8aa550 flushing nmethod 0x000001bda0b5a190
Event: 7.353 Thread 0x000001bdbb8aa550 flushing nmethod 0x000001bda10d6490


Dynamic libraries:
0x00007ff6e5ef0000 - 0x00007ff6e5efa000 	C:\Program Files\Android\Android Studio\jbr\bin\java.exe
0x00007ff995e50000 - 0x00007ff996067000 	C:\WINDOWS\SYSTEM32\ntdll.dll
0x00007ff994d40000 - 0x00007ff994e04000 	C:\WINDOWS\System32\KERNEL32.DLL
0x00007ff993480000 - 0x00007ff993826000 	C:\WINDOWS\System32\KERNELBASE.dll
0x00007ff993830000 - 0x00007ff993941000 	C:\WINDOWS\System32\ucrtbase.dll
0x00007ff97bb50000 - 0x00007ff97bb67000 	C:\Program Files\Android\Android Studio\jbr\bin\jli.dll
0x00007ff97bb30000 - 0x00007ff97bb4b000 	C:\Program Files\Android\Android Studio\jbr\bin\VCRUNTIME140.dll
0x00007ff993bb0000 - 0x00007ff993d5e000 	C:\WINDOWS\System32\USER32.dll
0x00007ff993450000 - 0x00007ff993476000 	C:\WINDOWS\System32\win32u.dll
0x00007ff97f9c0000 - 0x00007ff97fc53000 	C:\WINDOWS\WinSxS\amd64_microsoft.windows.common-controls_6595b64144ccf1df_6.0.22621.2506_none_270c5ae97388e100\COMCTL32.dll
0x00007ff995db0000 - 0x00007ff995dd9000 	C:\WINDOWS\System32\GDI32.dll
0x00007ff994340000 - 0x00007ff9943e7000 	C:\WINDOWS\System32\msvcrt.dll
0x00007ff9931c0000 - 0x00007ff9932d8000 	C:\WINDOWS\System32\gdi32full.dll
0x00007ff9939d0000 - 0x00007ff993a6a000 	C:\WINDOWS\System32\msvcp_win.dll
0x00007ff995d70000 - 0x00007ff995da1000 	C:\WINDOWS\System32\IMM32.DLL
0x00007ff983640000 - 0x00007ff98364c000 	C:\Program Files\Android\Android Studio\jbr\bin\vcruntime140_1.dll
0x00007ff961330000 - 0x00007ff9613bd000 	C:\Program Files\Android\Android Studio\jbr\bin\msvcp140.dll
0x00007ff937ed0000 - 0x00007ff938b3e000 	C:\Program Files\Android\Android Studio\jbr\bin\server\jvm.dll
0x00007ff994f10000 - 0x00007ff994fc1000 	C:\WINDOWS\System32\ADVAPI32.dll
0x00007ff994290000 - 0x00007ff994335000 	C:\WINDOWS\System32\sechost.dll
0x00007ff995ab0000 - 0x00007ff995bc7000 	C:\WINDOWS\System32\RPCRT4.dll
0x00007ff97f210000 - 0x00007ff97f219000 	C:\WINDOWS\SYSTEM32\WSOCK32.dll
0x00007ff98b4e0000 - 0x00007ff98b514000 	C:\WINDOWS\SYSTEM32\WINMM.dll
0x00007ff98a4f0000 - 0x00007ff98a4fa000 	C:\WINDOWS\SYSTEM32\VERSION.dll
0x00007ff9950b0000 - 0x00007ff995121000 	C:\WINDOWS\System32\WS2_32.dll
0x00007ff9922b0000 - 0x00007ff9922c8000 	C:\WINDOWS\SYSTEM32\kernel.appcore.dll
0x00007ff98ff90000 - 0x00007ff98ff9a000 	C:\Program Files\Android\Android Studio\jbr\bin\jimage.dll
0x00007ff990bd0000 - 0x00007ff990e03000 	C:\WINDOWS\SYSTEM32\DBGHELP.DLL
0x00007ff9944b0000 - 0x00007ff994839000 	C:\WINDOWS\System32\combase.dll
0x00007ff994fd0000 - 0x00007ff9950a7000 	C:\WINDOWS\System32\OLEAUT32.dll
0x00007ff986e40000 - 0x00007ff986e72000 	C:\WINDOWS\SYSTEM32\dbgcore.DLL
0x00007ff993950000 - 0x00007ff9939ca000 	C:\WINDOWS\System32\bcryptPrimitives.dll
0x00007ff97e6e0000 - 0x00007ff97e705000 	C:\Program Files\Android\Android Studio\jbr\bin\java.dll
0x00007ff97e550000 - 0x00007ff97e568000 	C:\Program Files\Android\Android Studio\jbr\bin\zip.dll
0x00007ff995130000 - 0x00007ff99598a000 	C:\WINDOWS\System32\SHELL32.dll
0x00007ff9910f0000 - 0x00007ff9919e6000 	C:\WINDOWS\SYSTEM32\windows.storage.dll
0x00007ff990fb0000 - 0x00007ff9910ee000 	C:\WINDOWS\SYSTEM32\wintypes.dll
0x00007ff9948c0000 - 0x00007ff9949b3000 	C:\WINDOWS\System32\SHCORE.dll
0x00007ff9943f0000 - 0x00007ff99444e000 	C:\WINDOWS\System32\shlwapi.dll
0x00007ff9930f0000 - 0x00007ff993116000 	C:\WINDOWS\SYSTEM32\profapi.dll
0x00007ff97e530000 - 0x00007ff97e549000 	C:\Program Files\Android\Android Studio\jbr\bin\net.dll
0x00007ff98cec0000 - 0x00007ff98cff7000 	C:\WINDOWS\SYSTEM32\WINHTTP.dll
0x00007ff992730000 - 0x00007ff992799000 	C:\WINDOWS\system32\mswsock.dll
0x00007ff97e460000 - 0x00007ff97e476000 	C:\Program Files\Android\Android Studio\jbr\bin\nio.dll
0x00007ff97ef40000 - 0x00007ff97ef50000 	C:\Program Files\Android\Android Studio\jbr\bin\verify.dll

dbghelp: loaded successfully - version: 4.0.5 - missing functions: none
symbol engine: initialized successfully - sym options: 0x614 - pdb path: .;C:\Program Files\Android\Android Studio\jbr\bin;C:\WINDOWS\SYSTEM32;C:\WINDOWS\WinSxS\amd64_microsoft.windows.common-controls_6595b64144ccf1df_6.0.22621.2506_none_270c5ae97388e100;C:\Program Files\Android\Android Studio\jbr\bin\server

VM Arguments:
java_command: org.jetbrains.kotlin.cli.jvm.K2JVMCompiler @D:\Project\fashionMate\fashionMate\app\build\20240103_17640389803880395757.compiler.options
java_class_path (initial): C:\Users\bimap\.gradle\caches\modules-2\files-2.1\org.jetbrains.kotlin\kotlin-compiler-embeddable\1.8.10\b0757fd774344d54ce93f5ad6c30ba1c1731c8ff\kotlin-compiler-embeddable-1.8.10.jar;C:\Users\bimap\.gradle\caches\modules-2\files-2.1\org.jetbrains.kotlin\kotlin-stdlib\1.8.10\6d5560a229477df9406943d5feda5618e98eb64c\kotlin-stdlib-1.8.10.jar;C:\Users\bimap\.gradle\caches\modules-2\files-2.1\org.jetbrains.kotlin\kotlin-script-runtime\1.8.10\b13ea9c7e46d589139e56086a878763290e20bd5\kotlin-script-runtime-1.8.10.jar;C:\Users\bimap\.gradle\caches\modules-2\files-2.1\org.jetbrains.kotlin\kotlin-reflect\1.6.10\1cbe9c92c12a94eea200d23c2bbaedaf3daf5132\kotlin-reflect-1.6.10.jar;C:\Users\bimap\.gradle\caches\modules-2\files-2.1\org.jetbrains.kotlin\kotlin-daemon-embeddable\1.8.10\ad8541d9bc1cf9e52c3204161247910c2cf601d4\kotlin-daemon-embeddable-1.8.10.jar;C:\Users\bimap\.gradle\caches\modules-2\files-2.1\org.jetbrains.intellij.deps\trove4j\1.0.20200330\3afb14d5f9ceb459d724e907a21145e8ff394f02\trove4j-1.0.20200330.jar;C:\Users\bimap\.gradle\caches\modules-2\files-2.1\net.java.dev.jna\jna\5.6.0\330f2244e9030119ab3030fc3fededc86713d9cc\jna-5.6.0.jar;C:\Users\bimap\.gradle\caches\modules-2\files-2.1\org.jetbrains.kotlin\kotlin-stdlib-common\1.8.10\a61b182458550492c12aee66157d7b524a63a5ec\kotlin-stdlib-common-1.8.10.jar;C:\Users\bimap\.gradle\caches\modules-2\files-2.1\org.jetbrains\annotations\13.0\919f0dfe192fb4e063e7dacadee7f8bb9a2672a9\annotations-13.0.jar
Launcher Type: SUN_STANDARD

[Global flags]
     intx CICompilerCount                          = 12                                        {product} {ergonomic}
     uint ConcGCThreads                            = 3                                         {product} {ergonomic}
     uint G1ConcRefinementThreads                  = 13                                        {product} {ergonomic}
   size_t G1HeapRegionSize                         = 2097152                                   {product} {ergonomic}
    uintx GCDrainStackTargetSize                   = 64                                        {product} {ergonomic}
   size_t InitialHeapSize                          = 257949696                                 {product} {ergonomic}
   size_t MarkStackSize                            = 4194304                                   {product} {ergonomic}
   size_t MaxHeapSize                              = 4097835008                                {product} {ergonomic}
   size_t MaxNewSize                               = 2457862144                                {product} {ergonomic}
   size_t MinHeapDeltaBytes                        = 2097152                                   {product} {ergonomic}
   size_t MinHeapSize                              = 8388608                                   {product} {ergonomic}
    uintx NonNMethodCodeHeapSize                   = 7602480                                {pd product} {ergonomic}
    uintx NonProfiledCodeHeapSize                  = 122027880                              {pd product} {ergonomic}
    uintx ProfiledCodeHeapSize                     = 122027880                              {pd product} {ergonomic}
    uintx ReservedCodeCacheSize                    = 251658240                              {pd product} {ergonomic}
     bool SegmentedCodeCache                       = true                                      {product} {ergonomic}
   size_t SoftMaxHeapSize                          = 4097835008                             {manageable} {ergonomic}
     bool UseCompressedClassPointers               = true                           {product lp64_product} {ergonomic}
     bool UseCompressedOops                        = true                           {product lp64_product} {ergonomic}
     bool UseG1GC                                  = true                                      {product} {ergonomic}
     bool UseLargePagesIndividualAllocation        = false                                  {pd product} {ergonomic}

Logging:
Log output configuration:
 #0: stdout all=warning uptime,level,tags
 #1: stderr all=off uptime,level,tags

Environment Variables:
PATH=C:\Program Files\Common Files\Oracle\Java\javapath;C:\Windows\system32;C:\Windows;C:\Windows\System32\Wbem;C:\Windows\System32\WindowsPowerShell\v1.0\;C:\Windows\System32\OpenSSH\;C:\Program Files (x86)\NVIDIA Corporation\PhysX\Common;C:\Program Files\dotnet\;C:\WINDOWS\system32;C:\WINDOWS;C:\WINDOWS\System32\Wbem;C:\WINDOWS\System32\WindowsPowerShell\v1.0\;C:\WINDOWS\System32\OpenSSH\;C:\Program Files\Git\cmd;C:\OpenCL\bin;;C:\Program Files\NVIDIA Corporation\NVIDIA NvDLISR;C:\Users\bimap\AppData\Local\Programs\Python\Python312\Scripts\;C:\Users\bimap\AppData\Local\Programs\Python\Python312\;C:\Users\bimap\AppData\Local\Microsoft\WindowsApps;C:\Users\bimap\AppData\Local\Programs\Microsoft VS Code\bin;C:\MinGW\bin;C:\Users\bimap\AppData\Local\GitHubDesktop\bin
USERNAME=bimap
OS=Windows_NT
PROCESSOR_IDENTIFIER=AMD64 Family 25 Model 68 Stepping 1, AuthenticAMD
TMP=C:\Users\bimap\AppData\Local\Temp
TEMP=C:\Users\bimap\AppData\Local\Temp


JNI global refs:
JNI global refs: 22, weak refs: 0

JNI global refs memory usage: 843, weak refs: 841


---------------  S Y S T E M  ---------------

OS:
 Windows 11 , 64 bit Build 22621 (10.0.22621.2506)
OS uptime: 0 days 12:42 hours

CPU: total 16 (initial active 16) (16 cores per cpu, 2 threads per core) family 25 model 68 stepping 1 microcode 0x0, cx8, cmov, fxsr, ht, mmx, 3dnowpref, sse, sse2, sse3, ssse3, sse4a, sse4.1, sse4.2, popcnt, lzcnt, tsc, tscinvbit, avx, avx2, aes, erms, clmul, bmi1, bmi2, adx, sha, fma, vzeroupper, clflush, clflushopt

Memory: 4k page, system-wide physical 15628M (983M free)
TotalPageFile size 60777M (AvailPageFile size 3M)
current process WorkingSet (physical memory assigned to process): 492M, peak: 512M
current process commit charge ("private bytes"): 540M, peak: 562M

vm_info: OpenJDK 64-Bit Server VM (17.0.6+0-b2043.56-10027231) for windows-amd64 JRE (17.0.6+0-b2043.56-10027231), built on Apr 28 2023 00:43:19 by "androidbuild" with MS VC++ 16.10 / 16.11 (VS2019)

END.
